<?xml version="1.0" encoding="UTF-8"?>
<!-- Generated by org.testng.reporters.JUnitXMLReporter -->
<testsuite ignored="0" hostname="KnightKing" failures="1" tests="7" name="Test" time="59.598" errors="0" timestamp="2021-10-05T00:51:45 IST">
  <testcase classname="com.sample.testCases.TC_LoginTest_001" name="loginTest_001" time="4.309"/>
  <testcase classname="com.sample.testCases.TC_LoginDDT_002" name="loginDDT" time="4.841"/>
  <testcase classname="com.sample.testCases.TC_LoginDDT_002" name="loginDDT" time="5.103"/>
  <testcase classname="com.sample.testCases.TC_LoginDDT_002" name="loginDDT" time="4.902"/>
  <testcase classname="com.sample.testCases.TC_LoginDDT_002" name="loginDDT" time="4.827"/>
  <testcase classname="com.sample.testCases.TC_LoginDDT_002" name="loginDDT" time="4.816"/>
  <testcase classname="com.sample.testCases.TC_AddCustomerTest_003" name="addNewCustomer" time="17.571">
    <failure type="java.lang.AssertionError" message="null">
      <![CDATA[java.lang.AssertionError: null
at com.sample.testCases.TC_AddCustomerTest_003.addNewCustomer(TC_AddCustomerTest_003.java:75)
at java.base/java.util.ArrayList.forEach(ArrayList.java:1541)
... Removed 29 stack frames]]>
    </failure>
  </testcase> <!-- addNewCustomer -->
</testsuite> <!-- Test -->
