<?xml version="1.0" encoding="UTF-8"?>
<!-- Generated by org.testng.reporters.JUnitXMLReporter -->
<testsuite ignored="0" hostname="KnightKing" failures="1" tests="7" name="Test" time="48.538" errors="0" timestamp="2021-10-06T02:28:19 IST">
  <testcase classname="com.sample.testCases.TC_LoginTest_001" name="loginTest_001" time="4.138"/>
  <testcase classname="com.sample.testCases.TC_LoginDDT_002" name="loginDDT" time="4.9"/>
  <testcase classname="com.sample.testCases.TC_LoginDDT_002" name="loginDDT" time="4.85"/>
  <testcase classname="com.sample.testCases.TC_LoginDDT_002" name="loginDDT" time="5.056"/>
  <testcase classname="com.sample.testCases.TC_LoginDDT_002" name="loginDDT" time="4.866"/>
  <testcase classname="com.sample.testCases.TC_LoginDDT_002" name="loginDDT" time="4.901"/>
  <testcase classname="com.sample.testCases.TC_AddCustomerTest_003" name="addNewCustomer" time="6.844">
    <failure type="java.lang.AssertionError" message="null">
      <![CDATA[java.lang.AssertionError: null
at com.sample.testCases.TC_AddCustomerTest_003.addNewCustomer(TC_AddCustomerTest_003.java:72)
at java.base/java.util.ArrayList.forEach(ArrayList.java:1541)
... Removed 33 stack frames]]>
    </failure>
  </testcase> <!-- addNewCustomer -->
</testsuite> <!-- Test -->
