<?xml version="1.0" encoding="UTF-8"?>
<testsuite xmlns:xsi="http://www.w3.org/2001/XMLSchema-instance" xsi:noNamespaceSchemaLocation="https://maven.apache.org/surefire/maven-surefire-plugin/xsd/surefire-test-report.xsd" name="TestSuite" time="49.35" tests="7" errors="0" skipped="0" failures="1">
  <properties>
[...]
</properties>
  <testcase name="loginTest_001" classname="com.sample.testCases.TC_LoginTest_001" time="4.147"/>
  <testcase name="loginDDT" classname="com.sample.testCases.TC_LoginDDT_002" time="4.909"/>
  <testcase name="loginDDT" classname="com.sample.testCases.TC_LoginDDT_002" time="4.842"/>
  <testcase name="loginDDT" classname="com.sample.testCases.TC_LoginDDT_002" time="5.057"/>
  <testcase name="loginDDT" classname="com.sample.testCases.TC_LoginDDT_002" time="4.866"/>
  <testcase name="loginDDT" classname="com.sample.testCases.TC_LoginDDT_002" time="4.897"/>
  <testcase name="addNewCustomer" classname="com.sample.testCases.TC_AddCustomerTest_003" time="6.851">
    <failure type="java.lang.AssertionError:">java.lang.AssertionError: null
	at com.sample.testCases.TC_AddCustomerTest_003.addNewCustomer(TC_AddCustomerTest_003.java:72)
</failure>
    <system-out><![CDATA[ INFO [main] (BaseClass.java:71)- Closing Browser
 INFO [main] (BaseClass.java:65)- URL is opened
 INFO [main] (TC_AddCustomerTest_003.java:20)- User name is provided
 INFO [main] (TC_AddCustomerTest_003.java:22)- Password is provided
 INFO [main] (TC_AddCustomerTest_003.java:41)- providing customer details....
 INFO [main] (TC_AddCustomerTest_003.java:58)- validation started....
 INFO [main] (TC_AddCustomerTest_003.java:70)- Customer Not Registered Successfully!!!.
Screenshot Captured for test case : addNewCustomer
]]></system-out>
    <system-err><![CDATA[Starting MSEdgeDriver 94.0.992.38 (55a0a486d5c4c1a7374dc28a7be702fee43b3b39) on port 11285
Only local connections are allowed.
Please see https://chromedriver.chromium.org/security-considerations for suggestions on keeping MSEdgeDriver safe.
MSEdgeDriver was started successfully.
Oct 06, 2021 2:28:09 AM org.openqa.selenium.remote.ProtocolHandshake createSession
INFO: Detected dialect: W3C
]]></system-err>
  </testcase>
</testsuite>