-------------------------------------------------------------------------------
Test set: TestSuite
-------------------------------------------------------------------------------
Tests run: 7, Failures: 1, Errors: 0, Skipped: 0, Time elapsed: 49.35 s <<< FAILURE! - in TestSuite
addNewCustomer(com.sample.testCases.TC_AddCustomerTest_003)  Time elapsed: 6.851 s  <<< FAILURE!
java.lang.AssertionError: null
	at com.sample.testCases.TC_AddCustomerTest_003.addNewCustomer(TC_AddCustomerTest_003.java:72)

